app/build/intermediates/manifest_merge_blame_file/release/manifest-merger-blame-release-report.txt
1<?xml version="1.0" encoding="utf-8"?>
2<manifest xmlns:android="http://schemas.android.com/apk/res/android"
3    package="com.openclassrooms.entrevoisins"
4    android:versionCode="1"
5    android:versionName="1.0" >
6
7    <uses-sdk
8        android:minSdkVersion="21"
8-->src\main\AndroidManifest.xml
9        android:targetSdkVersion="28" />
9-->src\main\AndroidManifest.xml
10
11    <uses-permission android:name="android.permission.INTERNET" />
11-->src\main\AndroidManifest.xml:5:5-67
11-->src\main\AndroidManifest.xml:5:22-64
12
13    <application
13-->src\main\AndroidManifest.xml:7:5-35:19
14        android:allowBackup="true"
14-->src\main\AndroidManifest.xml:8:9-35
15        android:appComponentFactory="android.support.v4.app.CoreComponentFactory"
15-->[com.android.support:support-compat:28.0.0] AndroidManifest.xml:22:18-91
16        android:icon="@mipmap/ic_launcher"
16-->src\main\AndroidManifest.xml:9:9-43
17        android:label="@string/app_name"
17-->src\main\AndroidManifest.xml:10:9-41
18        android:networkSecurityConfig="@xml/network_security_config"
18-->src\main\AndroidManifest.xml:11:9-69
19        android:roundIcon="@mipmap/ic_launcher_round"
19-->src\main\AndroidManifest.xml:12:9-54
20        android:supportsRtl="true"
20-->src\main\AndroidManifest.xml:13:9-35
21        android:theme="@style/AppTheme" >
21-->src\main\AndroidManifest.xml:14:9-40
22        <activity
22-->src\main\AndroidManifest.xml:16:9-17:59
23            android:name="com.openclassrooms.entrevoisins.ui.neighbour_list.activity_profile_neighbour"
23-->src\main\AndroidManifest.xml:16:19-79
24            android:theme="@style/AppTheme.NoActionBar" />
24-->src\main\AndroidManifest.xml:17:13-56
25        <activity
25-->src\main\AndroidManifest.xml:20:9-22:62
26            android:name="com.openclassrooms.entrevoisins.ui.neighbour_list.AddNeighbourActivity"
26-->src\main\AndroidManifest.xml:21:13-67
27            android:label="@string/activity_new_neighbour" />
27-->src\main\AndroidManifest.xml:22:13-59
28        <activity
28-->src\main\AndroidManifest.xml:25:9-34:20
29            android:name="com.openclassrooms.entrevoisins.ui.neighbour_list.ListNeighbourActivity"
29-->src\main\AndroidManifest.xml:26:13-68
30            android:label="@string/app_name"
30-->src\main\AndroidManifest.xml:27:13-45
31            android:theme="@style/AppTheme.NoActionBar" >
31-->src\main\AndroidManifest.xml:28:13-56
32            <intent-filter>
32-->src\main\AndroidManifest.xml:29:13-33:29
33                <action android:name="android.intent.action.MAIN" />
33-->src\main\AndroidManifest.xml:30:17-69
33-->src\main\AndroidManifest.xml:30:25-66
34
35                <category android:name="android.intent.category.LAUNCHER" />
35-->src\main\AndroidManifest.xml:32:17-77
35-->src\main\AndroidManifest.xml:32:27-74
36            </intent-filter>
37        </activity>
38    </application>
39
40</manifest>